Performing C SOURCE FILE Test CMAKE_HAVE_LIBC_PTHREAD failed with the following output:
Change Dir: /home/wuhao/HUST_Test/djx/concurrentKernel/bu/CMakeFiles/CMakeTmp

Run Build Command(s):/usr/bin/make -f Makefile cmTC_a9786/fast && /usr/bin/make  -f CMakeFiles/cmTC_a9786.dir/build.make CMakeFiles/cmTC_a9786.dir/build
make[1]: Entering directory '/home/wuhao/HUST_Test/djx/concurrentKernel/bu/CMakeFiles/CMakeTmp'
Building C object CMakeFiles/cmTC_a9786.dir/src.c.o
/usr/bin/cc -DCMAKE_HAVE_LIBC_PTHREAD  -fPIC  -o CMakeFiles/cmTC_a9786.dir/src.c.o -c /home/wuhao/HUST_Test/djx/concurrentKernel/bu/CMakeFiles/CMakeTmp/src.c
Linking C executable cmTC_a9786
/opt/cmake-3.24.2/bin/cmake -E cmake_link_script CMakeFiles/cmTC_a9786.dir/link.txt --verbose=1
/usr/bin/cc -fPIC  -rdynamic CMakeFiles/cmTC_a9786.dir/src.c.o -o cmTC_a9786 
CMakeFiles/cmTC_a9786.dir/src.c.o: In function `main':
src.c:(.text+0x3e): undefined reference to `pthread_create'
src.c:(.text+0x4a): undefined reference to `pthread_detach'
src.c:(.text+0x56): undefined reference to `pthread_cancel'
src.c:(.text+0x67): undefined reference to `pthread_join'
src.c:(.text+0x7b): undefined reference to `pthread_atfork'
collect2: error: ld returned 1 exit status
CMakeFiles/cmTC_a9786.dir/build.make:98: recipe for target 'cmTC_a9786' failed
make[1]: *** [cmTC_a9786] Error 1
make[1]: Leaving directory '/home/wuhao/HUST_Test/djx/concurrentKernel/bu/CMakeFiles/CMakeTmp'
Makefile:127: recipe for target 'cmTC_a9786/fast' failed
make: *** [cmTC_a9786/fast] Error 2


Source file was:
#include <pthread.h>

static void* test_func(void* data)
{
  return data;
}

int main(void)
{
  pthread_t thread;
  pthread_create(&thread, NULL, test_func, NULL);
  pthread_detach(thread);
  pthread_cancel(thread);
  pthread_join(thread, NULL);
  pthread_atfork(NULL, NULL, NULL);
  pthread_exit(NULL);

  return 0;
}

Determining if the function pthread_create exists in the pthreads failed with the following output:
Change Dir: /home/wuhao/HUST_Test/djx/concurrentKernel/bu/CMakeFiles/CMakeTmp

Run Build Command(s):/usr/bin/make -f Makefile cmTC_ba146/fast && /usr/bin/make  -f CMakeFiles/cmTC_ba146.dir/build.make CMakeFiles/cmTC_ba146.dir/build
make[1]: Entering directory '/home/wuhao/HUST_Test/djx/concurrentKernel/bu/CMakeFiles/CMakeTmp'
Building C object CMakeFiles/cmTC_ba146.dir/CheckFunctionExists.c.o
/usr/bin/cc   -fPIC -DCHECK_FUNCTION_EXISTS=pthread_create -o CMakeFiles/cmTC_ba146.dir/CheckFunctionExists.c.o -c /opt/cmake-3.24.2/share/cmake-3.24/Modules/CheckFunctionExists.c
Linking C executable cmTC_ba146
/opt/cmake-3.24.2/bin/cmake -E cmake_link_script CMakeFiles/cmTC_ba146.dir/link.txt --verbose=1
/usr/bin/cc -fPIC -DCHECK_FUNCTION_EXISTS=pthread_create -rdynamic CMakeFiles/cmTC_ba146.dir/CheckFunctionExists.c.o -o cmTC_ba146  -lpthreads 
/usr/bin/ld: cannot find -lpthreads
collect2: error: ld returned 1 exit status
CMakeFiles/cmTC_ba146.dir/build.make:98: recipe for target 'cmTC_ba146' failed
make[1]: *** [cmTC_ba146] Error 1
make[1]: Leaving directory '/home/wuhao/HUST_Test/djx/concurrentKernel/bu/CMakeFiles/CMakeTmp'
Makefile:127: recipe for target 'cmTC_ba146/fast' failed
make: *** [cmTC_ba146/fast] Error 2



