Performing C SOURCE FILE Test CMAKE_HAVE_LIBC_PTHREAD failed with the following output:
Change Dir: /home/wuhao/HUST_Test/djx/json2kernel/build/CMakeFiles/CMakeTmp

Run Build Command(s):/usr/bin/make -f Makefile cmTC_5cf7e/fast && /usr/bin/make  -f CMakeFiles/cmTC_5cf7e.dir/build.make CMakeFiles/cmTC_5cf7e.dir/build
make[1]: Entering directory '/home/wuhao/HUST_Test/djx/json2kernel/build/CMakeFiles/CMakeTmp'
Building C object CMakeFiles/cmTC_5cf7e.dir/src.c.o
/usr/bin/cc -DCMAKE_HAVE_LIBC_PTHREAD  -fPIC  -o CMakeFiles/cmTC_5cf7e.dir/src.c.o -c /home/wuhao/HUST_Test/djx/json2kernel/build/CMakeFiles/CMakeTmp/src.c
Linking C executable cmTC_5cf7e
/opt/cmake-3.24.2/bin/cmake -E cmake_link_script CMakeFiles/cmTC_5cf7e.dir/link.txt --verbose=1
/usr/bin/cc -fPIC  -rdynamic CMakeFiles/cmTC_5cf7e.dir/src.c.o -o cmTC_5cf7e 
CMakeFiles/cmTC_5cf7e.dir/src.c.o: In function `main':
src.c:(.text+0x3e): undefined reference to `pthread_create'
src.c:(.text+0x4a): undefined reference to `pthread_detach'
src.c:(.text+0x56): undefined reference to `pthread_cancel'
src.c:(.text+0x67): undefined reference to `pthread_join'
src.c:(.text+0x7b): undefined reference to `pthread_atfork'
collect2: error: ld returned 1 exit status
CMakeFiles/cmTC_5cf7e.dir/build.make:98: recipe for target 'cmTC_5cf7e' failed
make[1]: *** [cmTC_5cf7e] Error 1
make[1]: Leaving directory '/home/wuhao/HUST_Test/djx/json2kernel/build/CMakeFiles/CMakeTmp'
Makefile:127: recipe for target 'cmTC_5cf7e/fast' failed
make: *** [cmTC_5cf7e/fast] Error 2


Source file was:
#include <pthread.h>

static void* test_func(void* data)
{
  return data;
}

int main(void)
{
  pthread_t thread;
  pthread_create(&thread, NULL, test_func, NULL);
  pthread_detach(thread);
  pthread_cancel(thread);
  pthread_join(thread, NULL);
  pthread_atfork(NULL, NULL, NULL);
  pthread_exit(NULL);

  return 0;
}

Determining if the function pthread_create exists in the pthreads failed with the following output:
Change Dir: /home/wuhao/HUST_Test/djx/json2kernel/build/CMakeFiles/CMakeTmp

Run Build Command(s):/usr/bin/make -f Makefile cmTC_27bcf/fast && /usr/bin/make  -f CMakeFiles/cmTC_27bcf.dir/build.make CMakeFiles/cmTC_27bcf.dir/build
make[1]: Entering directory '/home/wuhao/HUST_Test/djx/json2kernel/build/CMakeFiles/CMakeTmp'
Building C object CMakeFiles/cmTC_27bcf.dir/CheckFunctionExists.c.o
/usr/bin/cc   -fPIC -DCHECK_FUNCTION_EXISTS=pthread_create -o CMakeFiles/cmTC_27bcf.dir/CheckFunctionExists.c.o -c /opt/cmake-3.24.2/share/cmake-3.24/Modules/CheckFunctionExists.c
Linking C executable cmTC_27bcf
/opt/cmake-3.24.2/bin/cmake -E cmake_link_script CMakeFiles/cmTC_27bcf.dir/link.txt --verbose=1
/usr/bin/cc -fPIC -DCHECK_FUNCTION_EXISTS=pthread_create -rdynamic CMakeFiles/cmTC_27bcf.dir/CheckFunctionExists.c.o -o cmTC_27bcf  -lpthreads 
/usr/bin/ld: cannot find -lpthreads
collect2: error: ld returned 1 exit status
CMakeFiles/cmTC_27bcf.dir/build.make:98: recipe for target 'cmTC_27bcf' failed
make[1]: *** [cmTC_27bcf] Error 1
make[1]: Leaving directory '/home/wuhao/HUST_Test/djx/json2kernel/build/CMakeFiles/CMakeTmp'
Makefile:127: recipe for target 'cmTC_27bcf/fast' failed
make: *** [cmTC_27bcf/fast] Error 2



